<?xml version="1.0" encoding="UTF-8"?>
<!-- Generated by org.testng.reporters.JUnitReportReporter -->
<testsuite skipped="0" hostname="IB" name="TestAutomation.TechnicalTest.UserLogin_WithValid_ID_AddToCart" tests="1" failures="0" timestamp="15 Nov 2019 14:41:57 GMT" time="22.059" errors="0">
  <testcase name="Lauch_Url_ForLogin_AddToCart" time="22.059" classname="TestAutomation.TechnicalTest.UserLogin_WithValid_ID_AddToCart"/>
</testsuite> <!-- TestAutomation.TechnicalTest.UserLogin_WithValid_ID_AddToCart -->
