<?xml version="1.0" encoding="UTF-8"?>
<!-- Generated by org.testng.reporters.JUnitReportReporter -->
<testsuite skipped="0" hostname="IB" name="TestAutomation.TechnicalTest.UserLogin" tests="2" failures="0" timestamp="15 Nov 2019 11:13:26 GMT" time="22.029" errors="0">
  <testcase name="Lauch_Url" time="10.103" classname="TestAutomation.TechnicalTest.UserLogin"/>
  <testcase name="UserLogin_With_Valid_UserID" time="11.926" classname="TestAutomation.TechnicalTest.UserLogin"/>
</testsuite> <!-- TestAutomation.TechnicalTest.UserLogin -->
