<?xml version="1.0" encoding="UTF-8"?>
<!-- Generated by org.testng.reporters.JUnitReportReporter -->
<testsuite skipped="0" hostname="IB" name="TestAutomation.TechnicalTest.AutomationPractice_Test" tests="2" failures="0" timestamp="15 Nov 2019 09:32:43 GMT" time="25.879" errors="0">
  <testcase name="New_Registration" time="15.889" classname="TestAutomation.TechnicalTest.AutomationPractice_Test"/>
  <testcase name="Lauch_Url" time="9.990" classname="TestAutomation.TechnicalTest.AutomationPractice_Test"/>
</testsuite> <!-- TestAutomation.TechnicalTest.AutomationPractice_Test -->
